7/10/2003 5:15:49 PM : Starting build.
7/10/2003 5:15:50 PM : Searching : C:\Documents and Settings\tcarson\Desktop\Book\Second Round\Chapter 9 Indexing\1999\
7/10/2003 5:15:50 PM : Indexing 21 files
7/10/2003 5:15:50 PM : Extracting : C:\Documents and Settings\tcarson\Desktop\Book\Second Round\Chapter 9 Indexing\1999\April 5, 1999.PDF
7/10/2003 5:15:51 PM : Extracting : C:\Documents and Settings\tcarson\Desktop\Book\Second Round\Chapter 9 Indexing\1999\AUGUST 2,1999.PDF
7/10/2003 5:15:51 PM : Extracting : C:\Documents and Settings\tcarson\Desktop\Book\Second Round\Chapter 9 Indexing\1999\AUGUST 20,1999.PDF
7/10/2003 5:15:51 PM : Extracting : C:\Documents and Settings\tcarson\Desktop\Book\Second Round\Chapter 9 Indexing\1999\DECEMBER 1 5, 1999.PDF
7/10/2003 5:15:51 PM : Extracting : C:\Documents and Settings\tcarson\Desktop\Book\Second Round\Chapter 9 Indexing\1999\DECEMBER 6, 1999.PDF
7/10/2003 5:15:52 PM : Extracting : C:\Documents and Settings\tcarson\Desktop\Book\Second Round\Chapter 9 Indexing\1999\FEBRUARY 1,1999.PDF
7/10/2003 5:15:52 PM : Extracting : C:\Documents and Settings\tcarson\Desktop\Book\Second Round\Chapter 9 Indexing\1999\JANUARY 5,1999.PDF
7/10/2003 5:15:52 PM : Extracting : C:\Documents and Settings\tcarson\Desktop\Book\Second Round\Chapter 9 Indexing\1999\JULY 23,1999.PDF
7/10/2003 5:15:52 PM : Extracting : C:\Documents and Settings\tcarson\Desktop\Book\Second Round\Chapter 9 Indexing\1999\JULY 6 1999.PDF
7/10/2003 5:15:52 PM : Extracting : C:\Documents and Settings\tcarson\Desktop\Book\Second Round\Chapter 9 Indexing\1999\JUNE 1,1999.PDF
7/10/2003 5:15:52 PM : Extracting : C:\Documents and Settings\tcarson\Desktop\Book\Second Round\Chapter 9 Indexing\1999\JUNE 15,1999.PDF
7/10/2003 5:15:53 PM : Extracting : C:\Documents and Settings\tcarson\Desktop\Book\Second Round\Chapter 9 Indexing\1999\JUNE 17,1999.PDF
7/10/2003 5:15:53 PM : Extracting : C:\Documents and Settings\tcarson\Desktop\Book\Second Round\Chapter 9 Indexing\1999\JUNE 30,1999.PDF
7/10/2003 5:15:53 PM : Extracting : C:\Documents and Settings\tcarson\Desktop\Book\Second Round\Chapter 9 Indexing\1999\JUNE 7,1999.PDF
7/10/2003 5:15:53 PM : Extracting : C:\Documents and Settings\tcarson\Desktop\Book\Second Round\Chapter 9 Indexing\1999\MARCH 1,1999.PDF
7/10/2003 5:15:53 PM : Extracting : C:\Documents and Settings\tcarson\Desktop\Book\Second Round\Chapter 9 Indexing\1999\May 03, 1999.PDF
7/10/2003 5:15:53 PM : Extracting : C:\Documents and Settings\tcarson\Desktop\Book\Second Round\Chapter 9 Indexing\1999\May 21,1999.PDF
7/10/2003 5:15:54 PM : Extracting : C:\Documents and Settings\tcarson\Desktop\Book\Second Round\Chapter 9 Indexing\1999\NOVEMBER 23, 1000.PDF
7/10/2003 5:15:54 PM : Extracting : C:\Documents and Settings\tcarson\Desktop\Book\Second Round\Chapter 9 Indexing\1999\OCTOBER 28, 1999.PDF
7/10/2003 5:15:54 PM : Extracting : C:\Documents and Settings\tcarson\Desktop\Book\Second Round\Chapter 9 Indexing\1999\OCTOBER 4,1999.PDF
7/10/2003 5:15:54 PM : Extracting : C:\Documents and Settings\tcarson\Desktop\Book\Second Round\Chapter 9 Indexing\1999\SEPTEMBER 7,1999.PDF
7/10/2003 5:15:54 PM : Creating Index
7/10/2003 5:15:55 PM :   Total PDF files in all directories : 21
7/10/2003 5:15:55 PM :   Total new files : 21
7/10/2003 5:15:55 PM :   Total pages indexed : 52
7/10/2003 5:15:55 PM :   Total number of files skipped : 0
7/10/2003 5:15:55 PM :   Total deleted files : 0
7/10/2003 5:15:55 PM : Index build successful.

7/11/2003 8:57:29 PM : Starting purge
7/11/2003 8:57:29 PM : Deleting files from current index
7/11/2003 8:57:29 PM : Deleting : C:\Documents and Settings\tcarson\Desktop\Book\Second Round\Chapter 9 Indexing\1999\Dayton School Board Minutes\index.idx
7/11/2003 8:57:29 PM : Deleting : C:\Documents and Settings\tcarson\Desktop\Book\Second Round\Chapter 9 Indexing\1999\Dayton School Board Minutes\index1.idx
7/11/2003 8:57:29 PM : Index purge successful

7/11/2003 8:57:48 PM : Starting build.
7/11/2003 8:57:49 PM : Searching : C:\Documents and Settings\tcarson\Desktop\Book\Second Round\Chapter 9 Indexing\1999\
7/11/2003 8:57:51 PM : Indexing 21 files
7/11/2003 8:57:51 PM : Extracting : C:\Documents and Settings\tcarson\Desktop\Book\Second Round\Chapter 9 Indexing\1999\April 5, 1999.PDF
7/11/2003 8:57:52 PM : Extracting : C:\Documents and Settings\tcarson\Desktop\Book\Second Round\Chapter 9 Indexing\1999\AUGUST 2,1999.PDF
7/11/2003 8:57:52 PM : Extracting : C:\Documents and Settings\tcarson\Desktop\Book\Second Round\Chapter 9 Indexing\1999\AUGUST 20,1999.PDF
7/11/2003 8:57:52 PM : Extracting : C:\Documents and Settings\tcarson\Desktop\Book\Second Round\Chapter 9 Indexing\1999\DECEMBER 1 5, 1999.PDF
7/11/2003 8:57:53 PM : Extracting : C:\Documents and Settings\tcarson\Desktop\Book\Second Round\Chapter 9 Indexing\1999\DECEMBER 6, 1999.PDF
7/11/2003 8:57:53 PM : Extracting : C:\Documents and Settings\tcarson\Desktop\Book\Second Round\Chapter 9 Indexing\1999\FEBRUARY 1,1999.PDF
7/11/2003 8:57:53 PM : Extracting : C:\Documents and Settings\tcarson\Desktop\Book\Second Round\Chapter 9 Indexing\1999\JANUARY 5,1999.PDF
7/11/2003 8:57:53 PM : Extracting : C:\Documents and Settings\tcarson\Desktop\Book\Second Round\Chapter 9 Indexing\1999\JULY 23,1999.PDF
7/11/2003 8:57:53 PM : Extracting : C:\Documents and Settings\tcarson\Desktop\Book\Second Round\Chapter 9 Indexing\1999\JULY 6 1999.PDF
7/11/2003 8:57:53 PM : Extracting : C:\Documents and Settings\tcarson\Desktop\Book\Second Round\Chapter 9 Indexing\1999\JUNE 1,1999.PDF
7/11/2003 8:57:54 PM : Extracting : C:\Documents and Settings\tcarson\Desktop\Book\Second Round\Chapter 9 Indexing\1999\JUNE 15,1999.PDF
7/11/2003 8:57:54 PM : Extracting : C:\Documents and Settings\tcarson\Desktop\Book\Second Round\Chapter 9 Indexing\1999\JUNE 17,1999.PDF
7/11/2003 8:57:54 PM : Extracting : C:\Documents and Settings\tcarson\Desktop\Book\Second Round\Chapter 9 Indexing\1999\JUNE 30,1999.PDF
7/11/2003 8:57:54 PM : Extracting : C:\Documents and Settings\tcarson\Desktop\Book\Second Round\Chapter 9 Indexing\1999\JUNE 7,1999.PDF
7/11/2003 8:57:55 PM : Extracting : C:\Documents and Settings\tcarson\Desktop\Book\Second Round\Chapter 9 Indexing\1999\MARCH 1,1999.PDF
7/11/2003 8:57:55 PM : Extracting : C:\Documents and Settings\tcarson\Desktop\Book\Second Round\Chapter 9 Indexing\1999\May 03, 1999.PDF
7/11/2003 8:57:55 PM : Extracting : C:\Documents and Settings\tcarson\Desktop\Book\Second Round\Chapter 9 Indexing\1999\May 21,1999.PDF
7/11/2003 8:57:55 PM : Extracting : C:\Documents and Settings\tcarson\Desktop\Book\Second Round\Chapter 9 Indexing\1999\NOVEMBER 23, 1000.PDF
7/11/2003 8:57:56 PM : Extracting : C:\Documents and Settings\tcarson\Desktop\Book\Second Round\Chapter 9 Indexing\1999\OCTOBER 28, 1999.PDF
7/11/2003 8:57:56 PM : Extracting : C:\Documents and Settings\tcarson\Desktop\Book\Second Round\Chapter 9 Indexing\1999\OCTOBER 4,1999.PDF
7/11/2003 8:57:56 PM : Extracting : C:\Documents and Settings\tcarson\Desktop\Book\Second Round\Chapter 9 Indexing\1999\SEPTEMBER 7,1999.PDF
7/11/2003 8:57:56 PM : Creating Index
7/11/2003 8:57:57 PM :   Total PDF files in all directories : 21
7/11/2003 8:57:57 PM :   Total new files : 21
7/11/2003 8:57:57 PM :   Total pages indexed : 52
7/11/2003 8:57:57 PM :   Total number of files skipped : 0
7/11/2003 8:57:57 PM :   Total deleted files : 0
7/11/2003 8:57:57 PM : Index build successful.
