7/14/2003 10:12:51 AM : Starting build.
7/14/2003 10:12:51 AM : Searching : C:\Documents and Settings\tcarson\Desktop\Book\Second Round\Chapter 15 Putting it All Together\Minutes\
7/14/2003 10:12:52 AM : Indexing 22 files
7/14/2003 10:12:52 AM : Extracting : C:\Documents and Settings\tcarson\Desktop\Book\Second Round\Chapter 15 Putting it All Together\Minutes\1999\April 5, 1999.PDF
7/14/2003 10:12:52 AM : Extracting : C:\Documents and Settings\tcarson\Desktop\Book\Second Round\Chapter 15 Putting it All Together\Minutes\1999\AUGUST 2,1999.PDF
7/14/2003 10:12:52 AM : Extracting : C:\Documents and Settings\tcarson\Desktop\Book\Second Round\Chapter 15 Putting it All Together\Minutes\1999\AUGUST 20,1999.PDF
7/14/2003 10:12:53 AM : Extracting : C:\Documents and Settings\tcarson\Desktop\Book\Second Round\Chapter 15 Putting it All Together\Minutes\1999\DECEMBER 1 5, 1999.PDF
7/14/2003 10:12:53 AM : Extracting : C:\Documents and Settings\tcarson\Desktop\Book\Second Round\Chapter 15 Putting it All Together\Minutes\1999\DECEMBER 6, 1999.PDF
7/14/2003 10:12:53 AM : Extracting : C:\Documents and Settings\tcarson\Desktop\Book\Second Round\Chapter 15 Putting it All Together\Minutes\1999\FEBRUARY 1,1999.PDF
7/14/2003 10:12:53 AM : Extracting : C:\Documents and Settings\tcarson\Desktop\Book\Second Round\Chapter 15 Putting it All Together\Minutes\1999\JANUARY 5,1999.PDF
7/14/2003 10:12:53 AM : Extracting : C:\Documents and Settings\tcarson\Desktop\Book\Second Round\Chapter 15 Putting it All Together\Minutes\1999\JULY 23,1999.PDF
7/14/2003 10:12:54 AM : Extracting : C:\Documents and Settings\tcarson\Desktop\Book\Second Round\Chapter 15 Putting it All Together\Minutes\1999\JULY 6 1999.PDF
7/14/2003 10:12:54 AM : Extracting : C:\Documents and Settings\tcarson\Desktop\Book\Second Round\Chapter 15 Putting it All Together\Minutes\1999\JUNE 1,1999.PDF
7/14/2003 10:12:54 AM : Extracting : C:\Documents and Settings\tcarson\Desktop\Book\Second Round\Chapter 15 Putting it All Together\Minutes\1999\JUNE 15,1999.PDF
7/14/2003 10:12:54 AM : Extracting : C:\Documents and Settings\tcarson\Desktop\Book\Second Round\Chapter 15 Putting it All Together\Minutes\1999\JUNE 17,1999.PDF
7/14/2003 10:12:54 AM : Extracting : C:\Documents and Settings\tcarson\Desktop\Book\Second Round\Chapter 15 Putting it All Together\Minutes\1999\JUNE 30,1999.PDF
7/14/2003 10:12:54 AM : Extracting : C:\Documents and Settings\tcarson\Desktop\Book\Second Round\Chapter 15 Putting it All Together\Minutes\1999\JUNE 7,1999.PDF
7/14/2003 10:12:55 AM : Extracting : C:\Documents and Settings\tcarson\Desktop\Book\Second Round\Chapter 15 Putting it All Together\Minutes\1999\MARCH 1,1999.PDF
7/14/2003 10:12:55 AM : Extracting : C:\Documents and Settings\tcarson\Desktop\Book\Second Round\Chapter 15 Putting it All Together\Minutes\1999\May 03, 1999.PDF
7/14/2003 10:12:55 AM : Extracting : C:\Documents and Settings\tcarson\Desktop\Book\Second Round\Chapter 15 Putting it All Together\Minutes\1999\May 21,1999.PDF
7/14/2003 10:12:55 AM : Extracting : C:\Documents and Settings\tcarson\Desktop\Book\Second Round\Chapter 15 Putting it All Together\Minutes\1999\NOVEMBER 23, 1000.PDF
7/14/2003 10:12:55 AM : Extracting : C:\Documents and Settings\tcarson\Desktop\Book\Second Round\Chapter 15 Putting it All Together\Minutes\1999\OCTOBER 28, 1999.PDF
7/14/2003 10:12:55 AM : Extracting : C:\Documents and Settings\tcarson\Desktop\Book\Second Round\Chapter 15 Putting it All Together\Minutes\1999\OCTOBER 4,1999.PDF
7/14/2003 10:12:55 AM : Extracting : C:\Documents and Settings\tcarson\Desktop\Book\Second Round\Chapter 15 Putting it All Together\Minutes\1999\SEPTEMBER 7,1999.PDF
7/14/2003 10:12:56 AM : Extracting : C:\Documents and Settings\tcarson\Desktop\Book\Second Round\Chapter 15 Putting it All Together\Minutes\minutes1.pdf
7/14/2003 10:12:56 AM : Creating Index
7/14/2003 10:12:57 AM :   Total PDF files in all directories : 22
7/14/2003 10:12:57 AM :   Total new files : 22
7/14/2003 10:12:57 AM :   Total pages indexed : 53
7/14/2003 10:12:57 AM :   Total number of files skipped : 0
7/14/2003 10:12:57 AM :   Total deleted files : 0
7/14/2003 10:12:57 AM : Index build successful.
